<?xml version="1.0" encoding="UTF-8"?>
<coverage generated="1681972310517" clover="3.2.0">
  <project timestamp="1681972310517" name="All files">
    <metrics statements="50" coveredstatements="42" conditionals="33" coveredconditionals="18" methods="21" coveredmethods="17" elements="104" coveredelements="77" complexity="0" loc="50" ncloc="50" packages="9" files="16" classes="16"/>
    <package name="assets.logo">
      <metrics statements="1" coveredstatements="1" conditionals="0" coveredconditionals="0" methods="0" coveredmethods="0"/>
      <file name="logo.png" path="/Users/admin/Desktop/Projects/checklistpro/src/assets/logo/logo.png">
        <metrics statements="1" coveredstatements="1" conditionals="0" coveredconditionals="0" methods="0" coveredmethods="0"/>
        <line num="1" count="1" type="stmt"/>
      </file>
    </package>
    <package name="components.atoms.FormInputController">
      <metrics statements="8" coveredstatements="6" conditionals="7" coveredconditionals="6" methods="4" coveredmethods="2"/>
      <file name="index.tsx" path="/Users/admin/Desktop/Projects/checklistpro/src/components/atoms/FormInputController/index.tsx">
        <metrics statements="7" coveredstatements="5" conditionals="7" coveredconditionals="6" methods="3" coveredmethods="1"/>
        <line num="25" count="1" type="stmt"/>
        <line num="34" count="1" type="stmt"/>
        <line num="35" count="1" type="cond" truecount="1" falsecount="1"/>
        <line num="37" count="1" type="stmt"/>
        <line num="39" count="1" type="stmt"/>
        <line num="51" count="0" type="stmt"/>
        <line num="56" count="0" type="stmt"/>
      </file>
      <file name="styles.ts" path="/Users/admin/Desktop/Projects/checklistpro/src/components/atoms/FormInputController/styles.ts">
        <metrics statements="1" coveredstatements="1" conditionals="0" coveredconditionals="0" methods="1" coveredmethods="1"/>
        <line num="8" count="1" type="stmt"/>
      </file>
    </package>
    <package name="components.atoms.FormSelectController">
      <metrics statements="8" coveredstatements="6" conditionals="9" coveredconditionals="5" methods="4" coveredmethods="2"/>
      <file name="index.tsx" path="/Users/admin/Desktop/Projects/checklistpro/src/components/atoms/FormSelectController/index.tsx">
        <metrics statements="7" coveredstatements="5" conditionals="9" coveredconditionals="5" methods="3" coveredmethods="1"/>
        <line num="33" count="1" type="stmt"/>
        <line num="42" count="1" type="stmt"/>
        <line num="43" count="1" type="cond" truecount="1" falsecount="1"/>
        <line num="45" count="1" type="stmt"/>
        <line num="47" count="1" type="stmt"/>
        <line num="59" count="0" type="stmt"/>
        <line num="63" count="0" type="stmt"/>
      </file>
      <file name="styles.ts" path="/Users/admin/Desktop/Projects/checklistpro/src/components/atoms/FormSelectController/styles.ts">
        <metrics statements="1" coveredstatements="1" conditionals="0" coveredconditionals="0" methods="1" coveredmethods="1"/>
        <line num="8" count="1" type="stmt"/>
      </file>
    </package>
    <package name="components.atoms.Logo">
      <metrics statements="4" coveredstatements="4" conditionals="0" coveredconditionals="0" methods="2" coveredmethods="2"/>
      <file name="index.tsx" path="/Users/admin/Desktop/Projects/checklistpro/src/components/atoms/Logo/index.tsx">
        <metrics statements="3" coveredstatements="3" conditionals="0" coveredconditionals="0" methods="1" coveredmethods="1"/>
        <line num="6" count="1" type="stmt"/>
        <line num="7" count="1" type="stmt"/>
        <line num="8" count="1" type="stmt"/>
      </file>
      <file name="style.ts" path="/Users/admin/Desktop/Projects/checklistpro/src/components/atoms/Logo/style.ts">
        <metrics statements="1" coveredstatements="1" conditionals="0" coveredconditionals="0" methods="1" coveredmethods="1"/>
        <line num="8" count="1" type="stmt"/>
      </file>
    </package>
    <package name="components.molecules.AlertToast">
      <metrics statements="2" coveredstatements="2" conditionals="10" coveredconditionals="5" methods="1" coveredmethods="1"/>
      <file name="index.tsx" path="/Users/admin/Desktop/Projects/checklistpro/src/components/molecules/AlertToast/index.tsx">
        <metrics statements="2" coveredstatements="2" conditionals="10" coveredconditionals="5" methods="1" coveredmethods="1"/>
        <line num="12" count="1" type="stmt"/>
        <line num="20" count="1" type="stmt"/>
      </file>
    </package>
    <package name="components.molecules.ContentCard">
      <metrics statements="4" coveredstatements="4" conditionals="0" coveredconditionals="0" methods="2" coveredmethods="2"/>
      <file name="index.tsx" path="/Users/admin/Desktop/Projects/checklistpro/src/components/molecules/ContentCard/index.tsx">
        <metrics statements="3" coveredstatements="3" conditionals="0" coveredconditionals="0" methods="1" coveredmethods="1"/>
        <line num="12" count="1" type="stmt"/>
        <line num="13" count="1" type="stmt"/>
        <line num="15" count="1" type="stmt"/>
      </file>
      <file name="styles.ts" path="/Users/admin/Desktop/Projects/checklistpro/src/components/molecules/ContentCard/styles.ts">
        <metrics statements="1" coveredstatements="1" conditionals="0" coveredconditionals="0" methods="1" coveredmethods="1"/>
        <line num="9" count="1" type="stmt"/>
      </file>
    </package>
    <package name="components.molecules.TodoAgendaItem">
      <metrics statements="13" coveredstatements="9" conditionals="5" coveredconditionals="1" methods="4" coveredmethods="4"/>
      <file name="index.tsx" path="/Users/admin/Desktop/Projects/checklistpro/src/components/molecules/TodoAgendaItem/index.tsx">
        <metrics statements="12" coveredstatements="8" conditionals="5" coveredconditionals="1" methods="3" coveredmethods="3"/>
        <line num="10" count="1" type="stmt"/>
        <line num="11" count="1" type="stmt"/>
        <line num="13" count="1" type="stmt"/>
        <line num="14" count="1" type="stmt"/>
        <line num="21" count="1" type="stmt"/>
        <line num="22" count="1" type="cond" truecount="1" falsecount="4"/>
        <line num="24" count="0" type="stmt"/>
        <line num="26" count="0" type="stmt"/>
        <line num="28" count="0" type="stmt"/>
        <line num="30" count="1" type="stmt"/>
        <line num="32" count="0" type="stmt"/>
        <line num="36" count="1" type="stmt"/>
      </file>
      <file name="styles.ts" path="/Users/admin/Desktop/Projects/checklistpro/src/components/molecules/TodoAgendaItem/styles.ts">
        <metrics statements="1" coveredstatements="1" conditionals="0" coveredconditionals="0" methods="1" coveredmethods="1"/>
        <line num="9" count="1" type="stmt"/>
      </file>
    </package>
    <package name="components.organisms.DeleteConfirmModal">
      <metrics statements="6" coveredstatements="6" conditionals="0" coveredconditionals="0" methods="2" coveredmethods="2"/>
      <file name="index.tsx" path="/Users/admin/Desktop/Projects/checklistpro/src/components/organisms/DeleteConfirmModal/index.tsx">
        <metrics statements="5" coveredstatements="5" conditionals="0" coveredconditionals="0" methods="1" coveredmethods="1"/>
        <line num="11" count="1" type="stmt"/>
        <line num="16" count="1" type="stmt"/>
        <line num="17" count="1" type="stmt"/>
        <line num="18" count="1" type="stmt"/>
        <line num="20" count="1" type="stmt"/>
      </file>
      <file name="styles.ts" path="/Users/admin/Desktop/Projects/checklistpro/src/components/organisms/DeleteConfirmModal/styles.ts">
        <metrics statements="1" coveredstatements="1" conditionals="0" coveredconditionals="0" methods="1" coveredmethods="1"/>
        <line num="10" count="1" type="stmt"/>
      </file>
    </package>
    <package name="components.wrappers.ScreenWrapper">
      <metrics statements="4" coveredstatements="4" conditionals="2" coveredconditionals="1" methods="2" coveredmethods="2"/>
      <file name="index.tsx" path="/Users/admin/Desktop/Projects/checklistpro/src/components/wrappers/ScreenWrapper/index.tsx">
        <metrics statements="3" coveredstatements="3" conditionals="2" coveredconditionals="1" methods="1" coveredmethods="1"/>
        <line num="10" count="1" type="stmt"/>
        <line num="14" count="1" type="stmt"/>
        <line num="15" count="1" type="stmt"/>
      </file>
      <file name="style.ts" path="/Users/admin/Desktop/Projects/checklistpro/src/components/wrappers/ScreenWrapper/style.ts">
        <metrics statements="1" coveredstatements="1" conditionals="0" coveredconditionals="0" methods="1" coveredmethods="1"/>
        <line num="8" count="1" type="stmt"/>
      </file>
    </package>
  </project>
</coverage>
