<?xml version="1.0" encoding="UTF-8"?>
<coverage generated="1681885941907" clover="3.2.0">
  <project timestamp="1681885941907" name="All files">
    <metrics statements="82" coveredstatements="61" conditionals="42" coveredconditionals="23" methods="36" coveredmethods="25" elements="160" coveredelements="109" complexity="0" loc="82" ncloc="82" packages="13" files="23" classes="23"/>
    <package name="assets.logo">
      <metrics statements="1" coveredstatements="1" conditionals="0" coveredconditionals="0" methods="0" coveredmethods="0"/>
      <file name="logo.png" path="/Users/admin/Documents/checklistpro/src/assets/logo/logo.png">
        <metrics statements="1" coveredstatements="1" conditionals="0" coveredconditionals="0" methods="0" coveredmethods="0"/>
        <line num="1" count="1" type="stmt"/>
      </file>
    </package>
    <package name="components.atoms.FormInputController">
      <metrics statements="8" coveredstatements="6" conditionals="7" coveredconditionals="6" methods="4" coveredmethods="2"/>
      <file name="index.tsx" path="/Users/admin/Documents/checklistpro/src/components/atoms/FormInputController/index.tsx">
        <metrics statements="7" coveredstatements="5" conditionals="7" coveredconditionals="6" methods="3" coveredmethods="1"/>
        <line num="25" count="1" type="stmt"/>
        <line num="34" count="1" type="stmt"/>
        <line num="35" count="1" type="cond" truecount="1" falsecount="1"/>
        <line num="37" count="1" type="stmt"/>
        <line num="39" count="1" type="stmt"/>
        <line num="51" count="0" type="stmt"/>
        <line num="56" count="0" type="stmt"/>
      </file>
      <file name="styles.ts" path="/Users/admin/Documents/checklistpro/src/components/atoms/FormInputController/styles.ts">
        <metrics statements="1" coveredstatements="1" conditionals="0" coveredconditionals="0" methods="1" coveredmethods="1"/>
        <line num="8" count="1" type="stmt"/>
      </file>
    </package>
    <package name="components.atoms.FormSelectController">
      <metrics statements="8" coveredstatements="6" conditionals="9" coveredconditionals="5" methods="4" coveredmethods="2"/>
      <file name="index.tsx" path="/Users/admin/Documents/checklistpro/src/components/atoms/FormSelectController/index.tsx">
        <metrics statements="7" coveredstatements="5" conditionals="9" coveredconditionals="5" methods="3" coveredmethods="1"/>
        <line num="33" count="1" type="stmt"/>
        <line num="42" count="1" type="stmt"/>
        <line num="43" count="1" type="cond" truecount="1" falsecount="1"/>
        <line num="45" count="1" type="stmt"/>
        <line num="47" count="1" type="stmt"/>
        <line num="59" count="0" type="stmt"/>
        <line num="63" count="0" type="stmt"/>
      </file>
      <file name="styles.ts" path="/Users/admin/Documents/checklistpro/src/components/atoms/FormSelectController/styles.ts">
        <metrics statements="1" coveredstatements="1" conditionals="0" coveredconditionals="0" methods="1" coveredmethods="1"/>
        <line num="8" count="1" type="stmt"/>
      </file>
    </package>
    <package name="components.atoms.Logo">
      <metrics statements="4" coveredstatements="4" conditionals="0" coveredconditionals="0" methods="2" coveredmethods="2"/>
      <file name="index.tsx" path="/Users/admin/Documents/checklistpro/src/components/atoms/Logo/index.tsx">
        <metrics statements="3" coveredstatements="3" conditionals="0" coveredconditionals="0" methods="1" coveredmethods="1"/>
        <line num="6" count="1" type="stmt"/>
        <line num="7" count="1" type="stmt"/>
        <line num="8" count="1" type="stmt"/>
      </file>
      <file name="style.ts" path="/Users/admin/Documents/checklistpro/src/components/atoms/Logo/style.ts">
        <metrics statements="1" coveredstatements="1" conditionals="0" coveredconditionals="0" methods="1" coveredmethods="1"/>
        <line num="8" count="1" type="stmt"/>
      </file>
    </package>
    <package name="components.molecules.AlertToast">
      <metrics statements="2" coveredstatements="2" conditionals="10" coveredconditionals="5" methods="1" coveredmethods="1"/>
      <file name="index.tsx" path="/Users/admin/Documents/checklistpro/src/components/molecules/AlertToast/index.tsx">
        <metrics statements="2" coveredstatements="2" conditionals="10" coveredconditionals="5" methods="1" coveredmethods="1"/>
        <line num="12" count="1" type="stmt"/>
        <line num="20" count="1" type="stmt"/>
      </file>
    </package>
    <package name="components.molecules.ContentCard">
      <metrics statements="4" coveredstatements="4" conditionals="0" coveredconditionals="0" methods="2" coveredmethods="2"/>
      <file name="index.tsx" path="/Users/admin/Documents/checklistpro/src/components/molecules/ContentCard/index.tsx">
        <metrics statements="3" coveredstatements="3" conditionals="0" coveredconditionals="0" methods="1" coveredmethods="1"/>
        <line num="12" count="1" type="stmt"/>
        <line num="13" count="1" type="stmt"/>
        <line num="15" count="1" type="stmt"/>
      </file>
      <file name="styles.ts" path="/Users/admin/Documents/checklistpro/src/components/molecules/ContentCard/styles.ts">
        <metrics statements="1" coveredstatements="1" conditionals="0" coveredconditionals="0" methods="1" coveredmethods="1"/>
        <line num="9" count="1" type="stmt"/>
      </file>
    </package>
    <package name="components.molecules.ExpenseListItem">
      <metrics statements="6" coveredstatements="4" conditionals="2" coveredconditionals="2" methods="4" coveredmethods="2"/>
      <file name="index.tsx" path="/Users/admin/Documents/checklistpro/src/components/molecules/ExpenseListItem/index.tsx">
        <metrics statements="5" coveredstatements="3" conditionals="2" coveredconditionals="2" methods="3" coveredmethods="1"/>
        <line num="22" count="1" type="stmt"/>
        <line num="36" count="1" type="stmt"/>
        <line num="38" count="1" type="stmt"/>
        <line num="70" count="0" type="stmt"/>
        <line num="87" count="0" type="stmt"/>
      </file>
      <file name="styles.ts" path="/Users/admin/Documents/checklistpro/src/components/molecules/ExpenseListItem/styles.ts">
        <metrics statements="1" coveredstatements="1" conditionals="0" coveredconditionals="0" methods="1" coveredmethods="1"/>
        <line num="11" count="1" type="stmt"/>
      </file>
    </package>
    <package name="components.molecules.TodoAgendaItem">
      <metrics statements="13" coveredstatements="9" conditionals="5" coveredconditionals="1" methods="4" coveredmethods="4"/>
      <file name="index.tsx" path="/Users/admin/Documents/checklistpro/src/components/molecules/TodoAgendaItem/index.tsx">
        <metrics statements="12" coveredstatements="8" conditionals="5" coveredconditionals="1" methods="3" coveredmethods="3"/>
        <line num="10" count="1" type="stmt"/>
        <line num="11" count="1" type="stmt"/>
        <line num="13" count="1" type="stmt"/>
        <line num="14" count="1" type="stmt"/>
        <line num="21" count="1" type="stmt"/>
        <line num="22" count="1" type="cond" truecount="1" falsecount="4"/>
        <line num="24" count="0" type="stmt"/>
        <line num="26" count="0" type="stmt"/>
        <line num="28" count="0" type="stmt"/>
        <line num="30" count="1" type="stmt"/>
        <line num="32" count="0" type="stmt"/>
        <line num="36" count="1" type="stmt"/>
      </file>
      <file name="styles.ts" path="/Users/admin/Documents/checklistpro/src/components/molecules/TodoAgendaItem/styles.ts">
        <metrics statements="1" coveredstatements="1" conditionals="0" coveredconditionals="0" methods="1" coveredmethods="1"/>
        <line num="9" count="1" type="stmt"/>
      </file>
    </package>
    <package name="components.molecules.TodoListItem">
      <metrics statements="15" coveredstatements="9" conditionals="7" coveredconditionals="3" methods="6" coveredmethods="4"/>
      <file name="index.tsx" path="/Users/admin/Documents/checklistpro/src/components/molecules/TodoListItem/index.tsx">
        <metrics statements="14" coveredstatements="8" conditionals="7" coveredconditionals="3" methods="5" coveredmethods="3"/>
        <line num="20" count="1" type="stmt"/>
        <line num="32" count="1" type="stmt"/>
        <line num="34" count="1" type="stmt"/>
        <line num="35" count="1" type="stmt"/>
        <line num="42" count="1" type="stmt"/>
        <line num="43" count="1" type="cond" truecount="1" falsecount="4"/>
        <line num="45" count="0" type="stmt"/>
        <line num="47" count="1" type="stmt"/>
        <line num="49" count="0" type="stmt"/>
        <line num="51" count="0" type="stmt"/>
        <line num="53" count="0" type="stmt"/>
        <line num="57" count="1" type="stmt"/>
        <line num="87" count="0" type="stmt"/>
        <line num="102" count="0" type="stmt"/>
      </file>
      <file name="styles.ts" path="/Users/admin/Documents/checklistpro/src/components/molecules/TodoListItem/styles.ts">
        <metrics statements="1" coveredstatements="1" conditionals="0" coveredconditionals="0" methods="1" coveredmethods="1"/>
        <line num="12" count="1" type="stmt"/>
      </file>
    </package>
    <package name="components.organisms.DeleteConfirmModal">
      <metrics statements="6" coveredstatements="6" conditionals="0" coveredconditionals="0" methods="2" coveredmethods="2"/>
      <file name="index.tsx" path="/Users/admin/Documents/checklistpro/src/components/organisms/DeleteConfirmModal/index.tsx">
        <metrics statements="5" coveredstatements="5" conditionals="0" coveredconditionals="0" methods="1" coveredmethods="1"/>
        <line num="11" count="1" type="stmt"/>
        <line num="16" count="1" type="stmt"/>
        <line num="17" count="1" type="stmt"/>
        <line num="18" count="1" type="stmt"/>
        <line num="20" count="1" type="stmt"/>
      </file>
      <file name="styles.ts" path="/Users/admin/Documents/checklistpro/src/components/organisms/DeleteConfirmModal/styles.ts">
        <metrics statements="1" coveredstatements="1" conditionals="0" coveredconditionals="0" methods="1" coveredmethods="1"/>
        <line num="10" count="1" type="stmt"/>
      </file>
    </package>
    <package name="components.organisms.ListEmptySkeleton">
      <metrics statements="6" coveredstatements="3" conditionals="0" coveredconditionals="0" methods="3" coveredmethods="1"/>
      <file name="index.tsx" path="/Users/admin/Documents/checklistpro/src/components/organisms/ListEmptySkeleton/index.tsx">
        <metrics statements="5" coveredstatements="3" conditionals="0" coveredconditionals="0" methods="2" coveredmethods="1"/>
        <line num="5" count="1" type="stmt"/>
        <line num="6" count="0" type="stmt"/>
        <line num="8" count="0" type="stmt"/>
        <line num="22" count="1" type="stmt"/>
        <line num="23" count="1" type="stmt"/>
      </file>
      <file name="styles.ts" path="/Users/admin/Documents/checklistpro/src/components/organisms/ListEmptySkeleton/styles.ts">
        <metrics statements="1" coveredstatements="0" conditionals="0" coveredconditionals="0" methods="1" coveredmethods="0"/>
        <line num="8" count="0" type="stmt"/>
      </file>
    </package>
    <package name="components.wrappers.ScreenWrapper">
      <metrics statements="4" coveredstatements="4" conditionals="2" coveredconditionals="1" methods="2" coveredmethods="2"/>
      <file name="index.tsx" path="/Users/admin/Documents/checklistpro/src/components/wrappers/ScreenWrapper/index.tsx">
        <metrics statements="3" coveredstatements="3" conditionals="2" coveredconditionals="1" methods="1" coveredmethods="1"/>
        <line num="10" count="1" type="stmt"/>
        <line num="14" count="1" type="stmt"/>
        <line num="15" count="1" type="stmt"/>
      </file>
      <file name="style.ts" path="/Users/admin/Documents/checklistpro/src/components/wrappers/ScreenWrapper/style.ts">
        <metrics statements="1" coveredstatements="1" conditionals="0" coveredconditionals="0" methods="1" coveredmethods="1"/>
        <line num="8" count="1" type="stmt"/>
      </file>
    </package>
    <package name="utils.helper">
      <metrics statements="5" coveredstatements="3" conditionals="0" coveredconditionals="0" methods="2" coveredmethods="1"/>
      <file name="Date.ts" path="/Users/admin/Documents/checklistpro/src/utils/helper/Date.ts">
        <metrics statements="5" coveredstatements="3" conditionals="0" coveredconditionals="0" methods="2" coveredmethods="1"/>
        <line num="8" count="2" type="stmt"/>
        <line num="9" count="2" type="stmt"/>
        <line num="16" count="2" type="stmt"/>
        <line num="17" count="0" type="stmt"/>
        <line num="18" count="0" type="stmt"/>
      </file>
    </package>
  </project>
</coverage>
