{"/Users/admin/Desktop/Projects/checklistpro/src/assets/logo/logo.png": {"path":"/Users/admin/Desktop/Projects/checklistpro/src/assets/logo/logo.png","statementMap":{"0":{"start":{"line":1,"column":0},"end":{"line":4,"column":6}}},"fnMap":{},"branchMap":{},"s":{"0":1},"f":{},"b":{},"_coverageSchema":"1a1c01bbd47fc00a2c39e90264f33305004495a9","hash":"0c624bc6813dcdf9d766b9f2bf14047fe7595b7c"}
,"/Users/admin/Desktop/Projects/checklistpro/src/components/atoms/FormInputController/index.tsx": {"path":"/Users/admin/Desktop/Projects/checklistpro/src/components/atoms/FormInputController/index.tsx","statementMap":{"0":{"start":{"line":25,"column":28},"end":{"line":67,"column":1}},"1":{"start":{"line":34,"column":20},"end":{"line":34,"column":33}},"2":{"start":{"line":35,"column":21},"end":{"line":35,"column":57}},"3":{"start":{"line":37,"column":17},"end":{"line":37,"column":30}},"4":{"start":{"line":39,"column":2},"end":{"line":66,"column":4}},"5":{"start":{"line":51,"column":10},"end":{"line":59,"column":12}},"6":{"start":{"line":56,"column":35},"end":{"line":56,"column":48}}},"fnMap":{"0":{"name":"(anonymous_0)","decl":{"start":{"line":25,"column":28},"end":{"line":25,"column":29}},"loc":{"start":{"line":33,"column":25},"end":{"line":67,"column":1}},"line":33},"1":{"name":"(anonymous_1)","decl":{"start":{"line":50,"column":16},"end":{"line":50,"column":17}},"loc":{"start":{"line":51,"column":10},"end":{"line":59,"column":12}},"line":51},"2":{"name":"(anonymous_2)","decl":{"start":{"line":56,"column":26},"end":{"line":56,"column":27}},"loc":{"start":{"line":56,"column":35},"end":{"line":56,"column":48}},"line":56}},"branchMap":{"0":{"loc":{"start":{"line":32,"column":2},"end":{"line":32,"column":15}},"type":"default-arg","locations":[{"start":{"line":32,"column":9},"end":{"line":32,"column":15}}],"line":32},"1":{"loc":{"start":{"line":35,"column":21},"end":{"line":35,"column":57}},"type":"binary-expr","locations":[{"start":{"line":35,"column":21},"end":{"line":35,"column":34}},{"start":{"line":35,"column":38},"end":{"line":35,"column":57}}],"line":35},"2":{"loc":{"start":{"line":45,"column":7},"end":{"line":45,"column":70}},"type":"binary-expr","locations":[{"start":{"line":45,"column":7},"end":{"line":45,"column":20}},{"start":{"line":45,"column":24},"end":{"line":45,"column":70}}],"line":45},"3":{"loc":{"start":{"line":62,"column":7},"end":{"line":64,"column":7}},"type":"binary-expr","locations":[{"start":{"line":62,"column":7},"end":{"line":62,"column":20}},{"start":{"line":63,"column":8},"end":{"line":63,"column":76}}],"line":62}},"s":{"0":1,"1":1,"2":1,"3":1,"4":1,"5":0,"6":0},"f":{"0":1,"1":0,"2":0},"b":{"0":[1],"1":[1,0],"2":[1,1],"3":[1,1]},"_coverageSchema":"1a1c01bbd47fc00a2c39e90264f33305004495a9","hash":"f75724610aecd47049ff17384bb4a58bacd85521"}
,"/Users/admin/Desktop/Projects/checklistpro/src/components/atoms/FormInputController/styles.ts": {"path":"/Users/admin/Desktop/Projects/checklistpro/src/components/atoms/FormInputController/styles.ts","statementMap":{"0":{"start":{"line":8,"column":2},"end":{"line":12,"column":5}}},"fnMap":{"0":{"name":"(anonymous_0)","decl":{"start":{"line":7,"column":15},"end":{"line":7,"column":16}},"loc":{"start":{"line":7,"column":21},"end":{"line":13,"column":1}},"line":7}},"branchMap":{},"s":{"0":1},"f":{"0":1},"b":{},"_coverageSchema":"1a1c01bbd47fc00a2c39e90264f33305004495a9","hash":"a2214b1fe2291cae8ffc571924ef7958cab1f684"}
,"/Users/admin/Desktop/Projects/checklistpro/src/components/atoms/FormSelectController/index.tsx": {"path":"/Users/admin/Desktop/Projects/checklistpro/src/components/atoms/FormSelectController/index.tsx","statementMap":{"0":{"start":{"line":33,"column":29},"end":{"line":72,"column":1}},"1":{"start":{"line":42,"column":20},"end":{"line":42,"column":33}},"2":{"start":{"line":43,"column":21},"end":{"line":43,"column":57}},"3":{"start":{"line":45,"column":17},"end":{"line":45,"column":30}},"4":{"start":{"line":47,"column":2},"end":{"line":71,"column":4}},"5":{"start":{"line":59,"column":10},"end":{"line":64,"column":12}},"6":{"start":{"line":63,"column":34},"end":{"line":63,"column":56}}},"fnMap":{"0":{"name":"(anonymous_0)","decl":{"start":{"line":33,"column":29},"end":{"line":33,"column":30}},"loc":{"start":{"line":41,"column":25},"end":{"line":72,"column":1}},"line":41},"1":{"name":"(anonymous_1)","decl":{"start":{"line":58,"column":16},"end":{"line":58,"column":17}},"loc":{"start":{"line":59,"column":10},"end":{"line":64,"column":12}},"line":59},"2":{"name":"(anonymous_2)","decl":{"start":{"line":63,"column":22},"end":{"line":63,"column":23}},"loc":{"start":{"line":63,"column":34},"end":{"line":63,"column":56}},"line":63}},"branchMap":{"0":{"loc":{"start":{"line":40,"column":2},"end":{"line":40,"column":12}},"type":"default-arg","locations":[{"start":{"line":40,"column":10},"end":{"line":40,"column":12}}],"line":40},"1":{"loc":{"start":{"line":43,"column":21},"end":{"line":43,"column":57}},"type":"binary-expr","locations":[{"start":{"line":43,"column":21},"end":{"line":43,"column":34}},{"start":{"line":43,"column":38},"end":{"line":43,"column":57}}],"line":43},"2":{"loc":{"start":{"line":53,"column":7},"end":{"line":53,"column":70}},"type":"binary-expr","locations":[{"start":{"line":53,"column":7},"end":{"line":53,"column":20}},{"start":{"line":53,"column":24},"end":{"line":53,"column":70}}],"line":53},"3":{"loc":{"start":{"line":61,"column":23},"end":{"line":61,"column":43}},"type":"binary-expr","locations":[{"start":{"line":61,"column":23},"end":{"line":61,"column":28}},{"start":{"line":61,"column":32},"end":{"line":61,"column":43}}],"line":61},"4":{"loc":{"start":{"line":67,"column":7},"end":{"line":69,"column":7}},"type":"binary-expr","locations":[{"start":{"line":67,"column":7},"end":{"line":67,"column":20}},{"start":{"line":68,"column":8},"end":{"line":68,"column":76}}],"line":67}},"s":{"0":1,"1":1,"2":1,"3":1,"4":1,"5":0,"6":0},"f":{"0":1,"1":0,"2":0},"b":{"0":[0],"1":[1,0],"2":[1,1],"3":[0,0],"4":[1,1]},"_coverageSchema":"1a1c01bbd47fc00a2c39e90264f33305004495a9","hash":"156f52b5f63370d05cfd3ce610c41cfbfa91e24d"}
,"/Users/admin/Desktop/Projects/checklistpro/src/components/atoms/FormSelectController/styles.ts": {"path":"/Users/admin/Desktop/Projects/checklistpro/src/components/atoms/FormSelectController/styles.ts","statementMap":{"0":{"start":{"line":8,"column":2},"end":{"line":12,"column":5}}},"fnMap":{"0":{"name":"(anonymous_0)","decl":{"start":{"line":7,"column":15},"end":{"line":7,"column":16}},"loc":{"start":{"line":7,"column":21},"end":{"line":13,"column":1}},"line":7}},"branchMap":{},"s":{"0":1},"f":{"0":1},"b":{},"_coverageSchema":"1a1c01bbd47fc00a2c39e90264f33305004495a9","hash":"4e57aac588d80df9d61f2c4352f1afadf2d31c7f"}
,"/Users/admin/Desktop/Projects/checklistpro/src/components/atoms/Logo/index.tsx": {"path":"/Users/admin/Desktop/Projects/checklistpro/src/components/atoms/Logo/index.tsx","statementMap":{"0":{"start":{"line":6,"column":23},"end":{"line":16,"column":1}},"1":{"start":{"line":7,"column":17},"end":{"line":7,"column":30}},"2":{"start":{"line":8,"column":2},"end":{"line":15,"column":4}}},"fnMap":{"0":{"name":"(anonymous_0)","decl":{"start":{"line":6,"column":23},"end":{"line":6,"column":24}},"loc":{"start":{"line":6,"column":29},"end":{"line":16,"column":1}},"line":6}},"branchMap":{},"s":{"0":1,"1":1,"2":1},"f":{"0":1},"b":{},"_coverageSchema":"1a1c01bbd47fc00a2c39e90264f33305004495a9","hash":"d448a8ced27f27a99040d0f5628afad1d270d550"}
,"/Users/admin/Desktop/Projects/checklistpro/src/components/atoms/Logo/style.ts": {"path":"/Users/admin/Desktop/Projects/checklistpro/src/components/atoms/Logo/style.ts","statementMap":{"0":{"start":{"line":8,"column":2},"end":{"line":17,"column":5}}},"fnMap":{"0":{"name":"(anonymous_0)","decl":{"start":{"line":7,"column":15},"end":{"line":7,"column":16}},"loc":{"start":{"line":7,"column":21},"end":{"line":18,"column":1}},"line":7}},"branchMap":{},"s":{"0":1},"f":{"0":1},"b":{},"_coverageSchema":"1a1c01bbd47fc00a2c39e90264f33305004495a9","hash":"d75ba7894b69a4d3a8c10a96d76ff66e6772232d"}
,"/Users/admin/Desktop/Projects/checklistpro/src/components/molecules/AlertToast/index.tsx": {"path":"/Users/admin/Desktop/Projects/checklistpro/src/components/molecules/AlertToast/index.tsx","statementMap":{"0":{"start":{"line":12,"column":46},"end":{"line":68,"column":1}},"1":{"start":{"line":20,"column":2},"end":{"line":67,"column":4}}},"fnMap":{"0":{"name":"(anonymous_0)","decl":{"start":{"line":12,"column":46},"end":{"line":12,"column":47}},"loc":{"start":{"line":19,"column":6},"end":{"line":68,"column":1}},"line":19}},"branchMap":{"0":{"loc":{"start":{"line":25,"column":14},"end":{"line":25,"column":38}},"type":"cond-expr","locations":[{"start":{"line":25,"column":23},"end":{"line":25,"column":29}},{"start":{"line":25,"column":32},"end":{"line":25,"column":38}}],"line":25},"1":{"loc":{"start":{"line":42,"column":16},"end":{"line":46,"column":24}},"type":"cond-expr","locations":[{"start":{"line":43,"column":20},"end":{"line":43,"column":31}},{"start":{"line":44,"column":20},"end":{"line":46,"column":24}}],"line":42},"2":{"loc":{"start":{"line":44,"column":20},"end":{"line":46,"column":24}},"type":"cond-expr","locations":[{"start":{"line":45,"column":20},"end":{"line":45,"column":30}},{"start":{"line":46,"column":20},"end":{"line":46,"column":24}}],"line":44},"3":{"loc":{"start":{"line":56,"column":12},"end":{"line":60,"column":20}},"type":"cond-expr","locations":[{"start":{"line":57,"column":16},"end":{"line":57,"column":27}},{"start":{"line":58,"column":16},"end":{"line":60,"column":20}}],"line":56},"4":{"loc":{"start":{"line":58,"column":16},"end":{"line":60,"column":20}},"type":"cond-expr","locations":[{"start":{"line":59,"column":16},"end":{"line":59,"column":26}},{"start":{"line":60,"column":16},"end":{"line":60,"column":20}}],"line":58}},"s":{"0":1,"1":1},"f":{"0":1},"b":{"0":[0,1],"1":[0,1],"2":[1,0],"3":[0,1],"4":[1,0]},"_coverageSchema":"1a1c01bbd47fc00a2c39e90264f33305004495a9","hash":"89b5ad8f365b138c79c4409b78b529474aacbc3f"}
,"/Users/admin/Desktop/Projects/checklistpro/src/components/molecules/ContentCard/index.tsx": {"path":"/Users/admin/Desktop/Projects/checklistpro/src/components/molecules/ContentCard/index.tsx","statementMap":{"0":{"start":{"line":12,"column":40},"end":{"line":41,"column":1}},"1":{"start":{"line":13,"column":17},"end":{"line":13,"column":30}},"2":{"start":{"line":15,"column":2},"end":{"line":40,"column":4}}},"fnMap":{"0":{"name":"(anonymous_0)","decl":{"start":{"line":12,"column":40},"end":{"line":12,"column":41}},"loc":{"start":{"line":12,"column":70},"end":{"line":41,"column":1}},"line":12}},"branchMap":{},"s":{"0":1,"1":1,"2":1},"f":{"0":1},"b":{},"_coverageSchema":"1a1c01bbd47fc00a2c39e90264f33305004495a9","hash":"4d7095f3a7d27e662149c31d23cad8560445e190"}
,"/Users/admin/Desktop/Projects/checklistpro/src/components/molecules/ContentCard/styles.ts": {"path":"/Users/admin/Desktop/Projects/checklistpro/src/components/molecules/ContentCard/styles.ts","statementMap":{"0":{"start":{"line":9,"column":2},"end":{"line":25,"column":5}}},"fnMap":{"0":{"name":"(anonymous_0)","decl":{"start":{"line":8,"column":15},"end":{"line":8,"column":16}},"loc":{"start":{"line":8,"column":21},"end":{"line":26,"column":1}},"line":8}},"branchMap":{},"s":{"0":1},"f":{"0":1},"b":{},"_coverageSchema":"1a1c01bbd47fc00a2c39e90264f33305004495a9","hash":"9f013ce3356c41820ba1255feee6a3bbe9d6b0e1"}
,"/Users/admin/Desktop/Projects/checklistpro/src/components/molecules/TodoAgendaItem/index.tsx": {"path":"/Users/admin/Desktop/Projects/checklistpro/src/components/molecules/TodoAgendaItem/index.tsx","statementMap":{"0":{"start":{"line":10,"column":54},"end":{"line":50,"column":1}},"1":{"start":{"line":11,"column":17},"end":{"line":11,"column":30}},"2":{"start":{"line":13,"column":22},"end":{"line":19,"column":3}},"3":{"start":{"line":14,"column":4},"end":{"line":18,"column":6}},"4":{"start":{"line":21,"column":28},"end":{"line":34,"column":3}},"5":{"start":{"line":22,"column":4},"end":{"line":33,"column":5}},"6":{"start":{"line":24,"column":8},"end":{"line":24,"column":51}},"7":{"start":{"line":26,"column":8},"end":{"line":26,"column":50}},"8":{"start":{"line":28,"column":8},"end":{"line":28,"column":48}},"9":{"start":{"line":30,"column":8},"end":{"line":30,"column":47}},"10":{"start":{"line":32,"column":8},"end":{"line":32,"column":20}},"11":{"start":{"line":36,"column":2},"end":{"line":49,"column":4}}},"fnMap":{"0":{"name":"(anonymous_0)","decl":{"start":{"line":10,"column":54},"end":{"line":10,"column":55}},"loc":{"start":{"line":10,"column":74},"end":{"line":50,"column":1}},"line":10},"1":{"name":"(anonymous_1)","decl":{"start":{"line":13,"column":22},"end":{"line":13,"column":23}},"loc":{"start":{"line":13,"column":63},"end":{"line":19,"column":3}},"line":13},"2":{"name":"(anonymous_2)","decl":{"start":{"line":21,"column":28},"end":{"line":21,"column":29}},"loc":{"start":{"line":21,"column":44},"end":{"line":34,"column":3}},"line":21}},"branchMap":{"0":{"loc":{"start":{"line":22,"column":4},"end":{"line":33,"column":5}},"type":"switch","locations":[{"start":{"line":23,"column":6},"end":{"line":24,"column":51}},{"start":{"line":25,"column":6},"end":{"line":26,"column":50}},{"start":{"line":27,"column":6},"end":{"line":28,"column":48}},{"start":{"line":29,"column":6},"end":{"line":30,"column":47}},{"start":{"line":31,"column":6},"end":{"line":32,"column":20}}],"line":22}},"s":{"0":1,"1":1,"2":1,"3":1,"4":1,"5":1,"6":0,"7":0,"8":0,"9":1,"10":0,"11":1},"f":{"0":1,"1":1,"2":1},"b":{"0":[0,0,0,1,0]},"_coverageSchema":"1a1c01bbd47fc00a2c39e90264f33305004495a9","hash":"b8e2d301efe8c687c151e824163117768bb55f85"}
,"/Users/admin/Desktop/Projects/checklistpro/src/components/molecules/TodoAgendaItem/styles.ts": {"path":"/Users/admin/Desktop/Projects/checklistpro/src/components/molecules/TodoAgendaItem/styles.ts","statementMap":{"0":{"start":{"line":9,"column":2},"end":{"line":23,"column":5}}},"fnMap":{"0":{"name":"(anonymous_0)","decl":{"start":{"line":8,"column":15},"end":{"line":8,"column":16}},"loc":{"start":{"line":8,"column":21},"end":{"line":24,"column":1}},"line":8}},"branchMap":{},"s":{"0":1},"f":{"0":1},"b":{},"_coverageSchema":"1a1c01bbd47fc00a2c39e90264f33305004495a9","hash":"fe81d6dba9c435c16a0fc213ea384400b1e55bbc"}
,"/Users/admin/Desktop/Projects/checklistpro/src/components/organisms/DeleteConfirmModal/index.tsx": {"path":"/Users/admin/Desktop/Projects/checklistpro/src/components/organisms/DeleteConfirmModal/index.tsx","statementMap":{"0":{"start":{"line":11,"column":62},"end":{"line":51,"column":1}},"1":{"start":{"line":16,"column":21},"end":{"line":16,"column":33}},"2":{"start":{"line":17,"column":19},"end":{"line":17,"column":31}},"3":{"start":{"line":18,"column":17},"end":{"line":18,"column":30}},"4":{"start":{"line":20,"column":2},"end":{"line":50,"column":4}}},"fnMap":{"0":{"name":"(anonymous_0)","decl":{"start":{"line":11,"column":62},"end":{"line":11,"column":63}},"loc":{"start":{"line":15,"column":6},"end":{"line":51,"column":1}},"line":15}},"branchMap":{},"s":{"0":1,"1":1,"2":1,"3":1,"4":1},"f":{"0":1},"b":{},"_coverageSchema":"1a1c01bbd47fc00a2c39e90264f33305004495a9","hash":"d32cfffcc3275de53b80734c4162f7527cbde4b1"}
,"/Users/admin/Desktop/Projects/checklistpro/src/components/organisms/DeleteConfirmModal/styles.ts": {"path":"/Users/admin/Desktop/Projects/checklistpro/src/components/organisms/DeleteConfirmModal/styles.ts","statementMap":{"0":{"start":{"line":10,"column":2},"end":{"line":22,"column":5}}},"fnMap":{"0":{"name":"(anonymous_0)","decl":{"start":{"line":9,"column":15},"end":{"line":9,"column":16}},"loc":{"start":{"line":9,"column":21},"end":{"line":23,"column":1}},"line":9}},"branchMap":{},"s":{"0":1},"f":{"0":1},"b":{},"_coverageSchema":"1a1c01bbd47fc00a2c39e90264f33305004495a9","hash":"9f920ad64c16263b33fd60b854df56bba9080ff3"}
,"/Users/admin/Desktop/Projects/checklistpro/src/components/wrappers/ScreenWrapper/index.tsx": {"path":"/Users/admin/Desktop/Projects/checklistpro/src/components/wrappers/ScreenWrapper/index.tsx","statementMap":{"0":{"start":{"line":10,"column":52},"end":{"line":22,"column":1}},"1":{"start":{"line":14,"column":17},"end":{"line":14,"column":30}},"2":{"start":{"line":15,"column":2},"end":{"line":21,"column":4}}},"fnMap":{"0":{"name":"(anonymous_0)","decl":{"start":{"line":10,"column":52},"end":{"line":10,"column":53}},"loc":{"start":{"line":13,"column":6},"end":{"line":22,"column":1}},"line":13}},"branchMap":{"0":{"loc":{"start":{"line":17,"column":56},"end":{"line":17,"column":75}},"type":"cond-expr","locations":[{"start":{"line":17,"column":69},"end":{"line":17,"column":70}},{"start":{"line":17,"column":73},"end":{"line":17,"column":75}}],"line":17}},"s":{"0":1,"1":1,"2":1},"f":{"0":1},"b":{"0":[0,1]},"_coverageSchema":"1a1c01bbd47fc00a2c39e90264f33305004495a9","hash":"f158eb8422bd66e6bab92c6febe5f625b7425b12"}
,"/Users/admin/Desktop/Projects/checklistpro/src/components/wrappers/ScreenWrapper/style.ts": {"path":"/Users/admin/Desktop/Projects/checklistpro/src/components/wrappers/ScreenWrapper/style.ts","statementMap":{"0":{"start":{"line":8,"column":2},"end":{"line":13,"column":5}}},"fnMap":{"0":{"name":"(anonymous_0)","decl":{"start":{"line":7,"column":15},"end":{"line":7,"column":16}},"loc":{"start":{"line":7,"column":21},"end":{"line":14,"column":1}},"line":7}},"branchMap":{},"s":{"0":1},"f":{"0":1},"b":{},"_coverageSchema":"1a1c01bbd47fc00a2c39e90264f33305004495a9","hash":"7f5ef632c1cd12bd66e7ec87f79ec43c2bfacf2d"}
}
