{"/Users/admin/Documents/checklistpro/src/assets/logo/logo.png": {"path":"/Users/admin/Documents/checklistpro/src/assets/logo/logo.png","statementMap":{"0":{"start":{"line":1,"column":0},"end":{"line":4,"column":6}}},"fnMap":{},"branchMap":{},"s":{"0":1},"f":{},"b":{},"_coverageSchema":"1a1c01bbd47fc00a2c39e90264f33305004495a9","hash":"82406a1e512ed5b8543ac8da26f867f0c2371208"}
,"/Users/admin/Documents/checklistpro/src/components/atoms/FormInputController/index.tsx": {"path":"/Users/admin/Documents/checklistpro/src/components/atoms/FormInputController/index.tsx","statementMap":{"0":{"start":{"line":25,"column":28},"end":{"line":67,"column":1}},"1":{"start":{"line":34,"column":20},"end":{"line":34,"column":33}},"2":{"start":{"line":35,"column":21},"end":{"line":35,"column":57}},"3":{"start":{"line":37,"column":17},"end":{"line":37,"column":30}},"4":{"start":{"line":39,"column":2},"end":{"line":66,"column":4}},"5":{"start":{"line":51,"column":10},"end":{"line":59,"column":12}},"6":{"start":{"line":56,"column":35},"end":{"line":56,"column":48}}},"fnMap":{"0":{"name":"(anonymous_0)","decl":{"start":{"line":25,"column":28},"end":{"line":25,"column":29}},"loc":{"start":{"line":33,"column":25},"end":{"line":67,"column":1}},"line":33},"1":{"name":"(anonymous_1)","decl":{"start":{"line":50,"column":16},"end":{"line":50,"column":17}},"loc":{"start":{"line":51,"column":10},"end":{"line":59,"column":12}},"line":51},"2":{"name":"(anonymous_2)","decl":{"start":{"line":56,"column":26},"end":{"line":56,"column":27}},"loc":{"start":{"line":56,"column":35},"end":{"line":56,"column":48}},"line":56}},"branchMap":{"0":{"loc":{"start":{"line":32,"column":2},"end":{"line":32,"column":15}},"type":"default-arg","locations":[{"start":{"line":32,"column":9},"end":{"line":32,"column":15}}],"line":32},"1":{"loc":{"start":{"line":35,"column":21},"end":{"line":35,"column":57}},"type":"binary-expr","locations":[{"start":{"line":35,"column":21},"end":{"line":35,"column":34}},{"start":{"line":35,"column":38},"end":{"line":35,"column":57}}],"line":35},"2":{"loc":{"start":{"line":45,"column":7},"end":{"line":45,"column":70}},"type":"binary-expr","locations":[{"start":{"line":45,"column":7},"end":{"line":45,"column":20}},{"start":{"line":45,"column":24},"end":{"line":45,"column":70}}],"line":45},"3":{"loc":{"start":{"line":62,"column":7},"end":{"line":64,"column":7}},"type":"binary-expr","locations":[{"start":{"line":62,"column":7},"end":{"line":62,"column":20}},{"start":{"line":63,"column":8},"end":{"line":63,"column":76}}],"line":62}},"s":{"0":1,"1":1,"2":1,"3":1,"4":1,"5":0,"6":0},"f":{"0":1,"1":0,"2":0},"b":{"0":[1],"1":[1,0],"2":[1,1],"3":[1,1]},"_coverageSchema":"1a1c01bbd47fc00a2c39e90264f33305004495a9","hash":"387ebb41fa96ddcf93d38f058092cfb60b29cf0b"}
,"/Users/admin/Documents/checklistpro/src/components/atoms/FormInputController/styles.ts": {"path":"/Users/admin/Documents/checklistpro/src/components/atoms/FormInputController/styles.ts","statementMap":{"0":{"start":{"line":8,"column":2},"end":{"line":12,"column":5}}},"fnMap":{"0":{"name":"(anonymous_0)","decl":{"start":{"line":7,"column":15},"end":{"line":7,"column":16}},"loc":{"start":{"line":7,"column":21},"end":{"line":13,"column":1}},"line":7}},"branchMap":{},"s":{"0":1},"f":{"0":1},"b":{},"_coverageSchema":"1a1c01bbd47fc00a2c39e90264f33305004495a9","hash":"e14c87f561febdfcf28efa76b741e58ec27cb763"}
,"/Users/admin/Documents/checklistpro/src/components/atoms/FormSelectController/index.tsx": {"path":"/Users/admin/Documents/checklistpro/src/components/atoms/FormSelectController/index.tsx","statementMap":{"0":{"start":{"line":33,"column":29},"end":{"line":72,"column":1}},"1":{"start":{"line":42,"column":20},"end":{"line":42,"column":33}},"2":{"start":{"line":43,"column":21},"end":{"line":43,"column":57}},"3":{"start":{"line":45,"column":17},"end":{"line":45,"column":30}},"4":{"start":{"line":47,"column":2},"end":{"line":71,"column":4}},"5":{"start":{"line":59,"column":10},"end":{"line":64,"column":12}},"6":{"start":{"line":63,"column":34},"end":{"line":63,"column":56}}},"fnMap":{"0":{"name":"(anonymous_0)","decl":{"start":{"line":33,"column":29},"end":{"line":33,"column":30}},"loc":{"start":{"line":41,"column":25},"end":{"line":72,"column":1}},"line":41},"1":{"name":"(anonymous_1)","decl":{"start":{"line":58,"column":16},"end":{"line":58,"column":17}},"loc":{"start":{"line":59,"column":10},"end":{"line":64,"column":12}},"line":59},"2":{"name":"(anonymous_2)","decl":{"start":{"line":63,"column":22},"end":{"line":63,"column":23}},"loc":{"start":{"line":63,"column":34},"end":{"line":63,"column":56}},"line":63}},"branchMap":{"0":{"loc":{"start":{"line":40,"column":2},"end":{"line":40,"column":12}},"type":"default-arg","locations":[{"start":{"line":40,"column":10},"end":{"line":40,"column":12}}],"line":40},"1":{"loc":{"start":{"line":43,"column":21},"end":{"line":43,"column":57}},"type":"binary-expr","locations":[{"start":{"line":43,"column":21},"end":{"line":43,"column":34}},{"start":{"line":43,"column":38},"end":{"line":43,"column":57}}],"line":43},"2":{"loc":{"start":{"line":53,"column":7},"end":{"line":53,"column":70}},"type":"binary-expr","locations":[{"start":{"line":53,"column":7},"end":{"line":53,"column":20}},{"start":{"line":53,"column":24},"end":{"line":53,"column":70}}],"line":53},"3":{"loc":{"start":{"line":61,"column":23},"end":{"line":61,"column":43}},"type":"binary-expr","locations":[{"start":{"line":61,"column":23},"end":{"line":61,"column":28}},{"start":{"line":61,"column":32},"end":{"line":61,"column":43}}],"line":61},"4":{"loc":{"start":{"line":67,"column":7},"end":{"line":69,"column":7}},"type":"binary-expr","locations":[{"start":{"line":67,"column":7},"end":{"line":67,"column":20}},{"start":{"line":68,"column":8},"end":{"line":68,"column":76}}],"line":67}},"s":{"0":1,"1":1,"2":1,"3":1,"4":1,"5":0,"6":0},"f":{"0":1,"1":0,"2":0},"b":{"0":[0],"1":[1,0],"2":[1,1],"3":[0,0],"4":[1,1]},"_coverageSchema":"1a1c01bbd47fc00a2c39e90264f33305004495a9","hash":"3537689afe6e69b84f185e1e4ecd4f7aca648a0e"}
,"/Users/admin/Documents/checklistpro/src/components/atoms/FormSelectController/styles.ts": {"path":"/Users/admin/Documents/checklistpro/src/components/atoms/FormSelectController/styles.ts","statementMap":{"0":{"start":{"line":8,"column":2},"end":{"line":12,"column":5}}},"fnMap":{"0":{"name":"(anonymous_0)","decl":{"start":{"line":7,"column":15},"end":{"line":7,"column":16}},"loc":{"start":{"line":7,"column":21},"end":{"line":13,"column":1}},"line":7}},"branchMap":{},"s":{"0":1},"f":{"0":1},"b":{},"_coverageSchema":"1a1c01bbd47fc00a2c39e90264f33305004495a9","hash":"3bb640f3ecf337f4f011cc1ab85056c042d68f8c"}
,"/Users/admin/Documents/checklistpro/src/components/atoms/Logo/index.tsx": {"path":"/Users/admin/Documents/checklistpro/src/components/atoms/Logo/index.tsx","statementMap":{"0":{"start":{"line":6,"column":23},"end":{"line":16,"column":1}},"1":{"start":{"line":7,"column":17},"end":{"line":7,"column":30}},"2":{"start":{"line":8,"column":2},"end":{"line":15,"column":4}}},"fnMap":{"0":{"name":"(anonymous_0)","decl":{"start":{"line":6,"column":23},"end":{"line":6,"column":24}},"loc":{"start":{"line":6,"column":29},"end":{"line":16,"column":1}},"line":6}},"branchMap":{},"s":{"0":1,"1":1,"2":1},"f":{"0":1},"b":{},"_coverageSchema":"1a1c01bbd47fc00a2c39e90264f33305004495a9","hash":"6d18664bb14739248981d1bfc57077b6509df207"}
,"/Users/admin/Documents/checklistpro/src/components/atoms/Logo/style.ts": {"path":"/Users/admin/Documents/checklistpro/src/components/atoms/Logo/style.ts","statementMap":{"0":{"start":{"line":8,"column":2},"end":{"line":17,"column":5}}},"fnMap":{"0":{"name":"(anonymous_0)","decl":{"start":{"line":7,"column":15},"end":{"line":7,"column":16}},"loc":{"start":{"line":7,"column":21},"end":{"line":18,"column":1}},"line":7}},"branchMap":{},"s":{"0":1},"f":{"0":1},"b":{},"_coverageSchema":"1a1c01bbd47fc00a2c39e90264f33305004495a9","hash":"91d97b70518209c5b4b36274b656435d94f05f2c"}
,"/Users/admin/Documents/checklistpro/src/components/molecules/AlertToast/index.tsx": {"path":"/Users/admin/Documents/checklistpro/src/components/molecules/AlertToast/index.tsx","statementMap":{"0":{"start":{"line":12,"column":46},"end":{"line":68,"column":1}},"1":{"start":{"line":20,"column":2},"end":{"line":67,"column":4}}},"fnMap":{"0":{"name":"(anonymous_0)","decl":{"start":{"line":12,"column":46},"end":{"line":12,"column":47}},"loc":{"start":{"line":19,"column":6},"end":{"line":68,"column":1}},"line":19}},"branchMap":{"0":{"loc":{"start":{"line":25,"column":14},"end":{"line":25,"column":38}},"type":"cond-expr","locations":[{"start":{"line":25,"column":23},"end":{"line":25,"column":29}},{"start":{"line":25,"column":32},"end":{"line":25,"column":38}}],"line":25},"1":{"loc":{"start":{"line":42,"column":16},"end":{"line":46,"column":24}},"type":"cond-expr","locations":[{"start":{"line":43,"column":20},"end":{"line":43,"column":31}},{"start":{"line":44,"column":20},"end":{"line":46,"column":24}}],"line":42},"2":{"loc":{"start":{"line":44,"column":20},"end":{"line":46,"column":24}},"type":"cond-expr","locations":[{"start":{"line":45,"column":20},"end":{"line":45,"column":30}},{"start":{"line":46,"column":20},"end":{"line":46,"column":24}}],"line":44},"3":{"loc":{"start":{"line":56,"column":12},"end":{"line":60,"column":20}},"type":"cond-expr","locations":[{"start":{"line":57,"column":16},"end":{"line":57,"column":27}},{"start":{"line":58,"column":16},"end":{"line":60,"column":20}}],"line":56},"4":{"loc":{"start":{"line":58,"column":16},"end":{"line":60,"column":20}},"type":"cond-expr","locations":[{"start":{"line":59,"column":16},"end":{"line":59,"column":26}},{"start":{"line":60,"column":16},"end":{"line":60,"column":20}}],"line":58}},"s":{"0":1,"1":1},"f":{"0":1},"b":{"0":[0,1],"1":[0,1],"2":[1,0],"3":[0,1],"4":[1,0]},"_coverageSchema":"1a1c01bbd47fc00a2c39e90264f33305004495a9","hash":"536c7c5767a13b4a2db94aefd953486d1e8688d8"}
,"/Users/admin/Documents/checklistpro/src/components/molecules/ContentCard/index.tsx": {"path":"/Users/admin/Documents/checklistpro/src/components/molecules/ContentCard/index.tsx","statementMap":{"0":{"start":{"line":12,"column":40},"end":{"line":41,"column":1}},"1":{"start":{"line":13,"column":17},"end":{"line":13,"column":30}},"2":{"start":{"line":15,"column":2},"end":{"line":40,"column":4}}},"fnMap":{"0":{"name":"(anonymous_0)","decl":{"start":{"line":12,"column":40},"end":{"line":12,"column":41}},"loc":{"start":{"line":12,"column":70},"end":{"line":41,"column":1}},"line":12}},"branchMap":{},"s":{"0":1,"1":1,"2":1},"f":{"0":1},"b":{},"_coverageSchema":"1a1c01bbd47fc00a2c39e90264f33305004495a9","hash":"4a8c9c33c508e670c523b610737150523f0de73d"}
,"/Users/admin/Documents/checklistpro/src/components/molecules/ContentCard/styles.ts": {"path":"/Users/admin/Documents/checklistpro/src/components/molecules/ContentCard/styles.ts","statementMap":{"0":{"start":{"line":9,"column":2},"end":{"line":25,"column":5}}},"fnMap":{"0":{"name":"(anonymous_0)","decl":{"start":{"line":8,"column":15},"end":{"line":8,"column":16}},"loc":{"start":{"line":8,"column":21},"end":{"line":26,"column":1}},"line":8}},"branchMap":{},"s":{"0":1},"f":{"0":1},"b":{},"_coverageSchema":"1a1c01bbd47fc00a2c39e90264f33305004495a9","hash":"c51047f6585ea134a55b9893497ac01d6aa97bb4"}
,"/Users/admin/Documents/checklistpro/src/components/molecules/ExpenseListItem/index.tsx": {"path":"/Users/admin/Documents/checklistpro/src/components/molecules/ExpenseListItem/index.tsx","statementMap":{"0":{"start":{"line":22,"column":56},"end":{"line":95,"column":1}},"1":{"start":{"line":36,"column":17},"end":{"line":36,"column":30}},"2":{"start":{"line":38,"column":2},"end":{"line":94,"column":4}},"3":{"start":{"line":70,"column":18},"end":{"line":80,"column":20}},"4":{"start":{"line":87,"column":31},"end":{"line":87,"column":50}}},"fnMap":{"0":{"name":"(anonymous_0)","decl":{"start":{"line":22,"column":56},"end":{"line":22,"column":57}},"loc":{"start":{"line":35,"column":6},"end":{"line":95,"column":1}},"line":35},"1":{"name":"(anonymous_1)","decl":{"start":{"line":69,"column":25},"end":{"line":69,"column":26}},"loc":{"start":{"line":70,"column":18},"end":{"line":80,"column":20}},"line":70},"2":{"name":"(anonymous_2)","decl":{"start":{"line":87,"column":25},"end":{"line":87,"column":26}},"loc":{"start":{"line":87,"column":31},"end":{"line":87,"column":50}},"line":87}},"branchMap":{"0":{"loc":{"start":{"line":62,"column":9},"end":{"line":91,"column":9}},"type":"binary-expr","locations":[{"start":{"line":62,"column":9},"end":{"line":62,"column":21}},{"start":{"line":63,"column":10},"end":{"line":90,"column":16}}],"line":62}},"s":{"0":1,"1":1,"2":1,"3":0,"4":0},"f":{"0":1,"1":0,"2":0},"b":{"0":[1,1]},"_coverageSchema":"1a1c01bbd47fc00a2c39e90264f33305004495a9","hash":"a6fcbdadf9ab1654f09e55533ca4d14df03e2c5f"}
,"/Users/admin/Documents/checklistpro/src/components/molecules/ExpenseListItem/styles.ts": {"path":"/Users/admin/Documents/checklistpro/src/components/molecules/ExpenseListItem/styles.ts","statementMap":{"0":{"start":{"line":11,"column":2},"end":{"line":34,"column":5}}},"fnMap":{"0":{"name":"(anonymous_0)","decl":{"start":{"line":10,"column":15},"end":{"line":10,"column":16}},"loc":{"start":{"line":10,"column":21},"end":{"line":35,"column":1}},"line":10}},"branchMap":{},"s":{"0":1},"f":{"0":1},"b":{},"_coverageSchema":"1a1c01bbd47fc00a2c39e90264f33305004495a9","hash":"4df5dbddd4bcf9e7232b00ba661129c8b394113d"}
,"/Users/admin/Documents/checklistpro/src/components/molecules/TodoAgendaItem/index.tsx": {"path":"/Users/admin/Documents/checklistpro/src/components/molecules/TodoAgendaItem/index.tsx","statementMap":{"0":{"start":{"line":10,"column":54},"end":{"line":50,"column":1}},"1":{"start":{"line":11,"column":17},"end":{"line":11,"column":30}},"2":{"start":{"line":13,"column":22},"end":{"line":19,"column":3}},"3":{"start":{"line":14,"column":4},"end":{"line":18,"column":6}},"4":{"start":{"line":21,"column":28},"end":{"line":34,"column":3}},"5":{"start":{"line":22,"column":4},"end":{"line":33,"column":5}},"6":{"start":{"line":24,"column":8},"end":{"line":24,"column":51}},"7":{"start":{"line":26,"column":8},"end":{"line":26,"column":50}},"8":{"start":{"line":28,"column":8},"end":{"line":28,"column":48}},"9":{"start":{"line":30,"column":8},"end":{"line":30,"column":47}},"10":{"start":{"line":32,"column":8},"end":{"line":32,"column":20}},"11":{"start":{"line":36,"column":2},"end":{"line":49,"column":4}}},"fnMap":{"0":{"name":"(anonymous_0)","decl":{"start":{"line":10,"column":54},"end":{"line":10,"column":55}},"loc":{"start":{"line":10,"column":74},"end":{"line":50,"column":1}},"line":10},"1":{"name":"(anonymous_1)","decl":{"start":{"line":13,"column":22},"end":{"line":13,"column":23}},"loc":{"start":{"line":13,"column":63},"end":{"line":19,"column":3}},"line":13},"2":{"name":"(anonymous_2)","decl":{"start":{"line":21,"column":28},"end":{"line":21,"column":29}},"loc":{"start":{"line":21,"column":44},"end":{"line":34,"column":3}},"line":21}},"branchMap":{"0":{"loc":{"start":{"line":22,"column":4},"end":{"line":33,"column":5}},"type":"switch","locations":[{"start":{"line":23,"column":6},"end":{"line":24,"column":51}},{"start":{"line":25,"column":6},"end":{"line":26,"column":50}},{"start":{"line":27,"column":6},"end":{"line":28,"column":48}},{"start":{"line":29,"column":6},"end":{"line":30,"column":47}},{"start":{"line":31,"column":6},"end":{"line":32,"column":20}}],"line":22}},"s":{"0":1,"1":1,"2":1,"3":1,"4":1,"5":1,"6":0,"7":0,"8":0,"9":1,"10":0,"11":1},"f":{"0":1,"1":1,"2":1},"b":{"0":[0,0,0,1,0]},"_coverageSchema":"1a1c01bbd47fc00a2c39e90264f33305004495a9","hash":"b8f79585099548a00a26a245244cb46e8e18b58b"}
,"/Users/admin/Documents/checklistpro/src/components/molecules/TodoAgendaItem/styles.ts": {"path":"/Users/admin/Documents/checklistpro/src/components/molecules/TodoAgendaItem/styles.ts","statementMap":{"0":{"start":{"line":9,"column":2},"end":{"line":23,"column":5}}},"fnMap":{"0":{"name":"(anonymous_0)","decl":{"start":{"line":8,"column":15},"end":{"line":8,"column":16}},"loc":{"start":{"line":8,"column":21},"end":{"line":24,"column":1}},"line":8}},"branchMap":{},"s":{"0":1},"f":{"0":1},"b":{},"_coverageSchema":"1a1c01bbd47fc00a2c39e90264f33305004495a9","hash":"63ba2fbf3cd16aa51f538c3c0782034bfa6fdea0"}
,"/Users/admin/Documents/checklistpro/src/components/molecules/TodoListItem/index.tsx": {"path":"/Users/admin/Documents/checklistpro/src/components/molecules/TodoListItem/index.tsx","statementMap":{"0":{"start":{"line":20,"column":50},"end":{"line":110,"column":1}},"1":{"start":{"line":32,"column":17},"end":{"line":32,"column":30}},"2":{"start":{"line":34,"column":22},"end":{"line":40,"column":3}},"3":{"start":{"line":35,"column":4},"end":{"line":39,"column":6}},"4":{"start":{"line":42,"column":28},"end":{"line":55,"column":3}},"5":{"start":{"line":43,"column":4},"end":{"line":54,"column":5}},"6":{"start":{"line":45,"column":8},"end":{"line":45,"column":51}},"7":{"start":{"line":47,"column":8},"end":{"line":47,"column":50}},"8":{"start":{"line":49,"column":8},"end":{"line":49,"column":48}},"9":{"start":{"line":51,"column":8},"end":{"line":51,"column":47}},"10":{"start":{"line":53,"column":8},"end":{"line":53,"column":20}},"11":{"start":{"line":57,"column":2},"end":{"line":109,"column":4}},"12":{"start":{"line":87,"column":18},"end":{"line":95,"column":20}},"13":{"start":{"line":102,"column":31},"end":{"line":102,"column":50}}},"fnMap":{"0":{"name":"(anonymous_0)","decl":{"start":{"line":20,"column":50},"end":{"line":20,"column":51}},"loc":{"start":{"line":31,"column":6},"end":{"line":110,"column":1}},"line":31},"1":{"name":"(anonymous_1)","decl":{"start":{"line":34,"column":22},"end":{"line":34,"column":23}},"loc":{"start":{"line":34,"column":63},"end":{"line":40,"column":3}},"line":34},"2":{"name":"(anonymous_2)","decl":{"start":{"line":42,"column":28},"end":{"line":42,"column":29}},"loc":{"start":{"line":42,"column":44},"end":{"line":55,"column":3}},"line":42},"3":{"name":"(anonymous_3)","decl":{"start":{"line":86,"column":25},"end":{"line":86,"column":26}},"loc":{"start":{"line":87,"column":18},"end":{"line":95,"column":20}},"line":87},"4":{"name":"(anonymous_4)","decl":{"start":{"line":102,"column":25},"end":{"line":102,"column":26}},"loc":{"start":{"line":102,"column":31},"end":{"line":102,"column":50}},"line":102}},"branchMap":{"0":{"loc":{"start":{"line":43,"column":4},"end":{"line":54,"column":5}},"type":"switch","locations":[{"start":{"line":44,"column":6},"end":{"line":45,"column":51}},{"start":{"line":46,"column":6},"end":{"line":47,"column":50}},{"start":{"line":48,"column":6},"end":{"line":49,"column":48}},{"start":{"line":50,"column":6},"end":{"line":51,"column":47}},{"start":{"line":52,"column":6},"end":{"line":53,"column":20}}],"line":43},"1":{"loc":{"start":{"line":79,"column":9},"end":{"line":106,"column":9}},"type":"binary-expr","locations":[{"start":{"line":79,"column":9},"end":{"line":79,"column":21}},{"start":{"line":80,"column":10},"end":{"line":105,"column":16}}],"line":79}},"s":{"0":1,"1":1,"2":1,"3":1,"4":1,"5":1,"6":0,"7":1,"8":0,"9":0,"10":0,"11":1,"12":0,"13":0},"f":{"0":1,"1":1,"2":1,"3":0,"4":0},"b":{"0":[0,1,0,0,0],"1":[1,1]},"_coverageSchema":"1a1c01bbd47fc00a2c39e90264f33305004495a9","hash":"5f936d58bd559707c4c135cf887bad3258bb43af"}
,"/Users/admin/Documents/checklistpro/src/components/molecules/TodoListItem/styles.ts": {"path":"/Users/admin/Documents/checklistpro/src/components/molecules/TodoListItem/styles.ts","statementMap":{"0":{"start":{"line":12,"column":2},"end":{"line":39,"column":5}}},"fnMap":{"0":{"name":"(anonymous_0)","decl":{"start":{"line":11,"column":15},"end":{"line":11,"column":16}},"loc":{"start":{"line":11,"column":21},"end":{"line":40,"column":1}},"line":11}},"branchMap":{},"s":{"0":1},"f":{"0":1},"b":{},"_coverageSchema":"1a1c01bbd47fc00a2c39e90264f33305004495a9","hash":"23913d2e42ab26e78975793ad3f450f9a6a0fe9e"}
,"/Users/admin/Documents/checklistpro/src/components/organisms/DeleteConfirmModal/index.tsx": {"path":"/Users/admin/Documents/checklistpro/src/components/organisms/DeleteConfirmModal/index.tsx","statementMap":{"0":{"start":{"line":11,"column":62},"end":{"line":51,"column":1}},"1":{"start":{"line":16,"column":21},"end":{"line":16,"column":33}},"2":{"start":{"line":17,"column":19},"end":{"line":17,"column":31}},"3":{"start":{"line":18,"column":17},"end":{"line":18,"column":30}},"4":{"start":{"line":20,"column":2},"end":{"line":50,"column":4}}},"fnMap":{"0":{"name":"(anonymous_0)","decl":{"start":{"line":11,"column":62},"end":{"line":11,"column":63}},"loc":{"start":{"line":15,"column":6},"end":{"line":51,"column":1}},"line":15}},"branchMap":{},"s":{"0":1,"1":1,"2":1,"3":1,"4":1},"f":{"0":1},"b":{},"_coverageSchema":"1a1c01bbd47fc00a2c39e90264f33305004495a9","hash":"47476fc8eda26b3c332bf6bdb5cde87ee1429397"}
,"/Users/admin/Documents/checklistpro/src/components/organisms/DeleteConfirmModal/styles.ts": {"path":"/Users/admin/Documents/checklistpro/src/components/organisms/DeleteConfirmModal/styles.ts","statementMap":{"0":{"start":{"line":10,"column":2},"end":{"line":22,"column":5}}},"fnMap":{"0":{"name":"(anonymous_0)","decl":{"start":{"line":9,"column":15},"end":{"line":9,"column":16}},"loc":{"start":{"line":9,"column":21},"end":{"line":23,"column":1}},"line":9}},"branchMap":{},"s":{"0":1},"f":{"0":1},"b":{},"_coverageSchema":"1a1c01bbd47fc00a2c39e90264f33305004495a9","hash":"76bbafade9c57f13e8b068586fa5702dbd18c5e7"}
,"/Users/admin/Documents/checklistpro/src/components/organisms/GlobalExceptionHandler/index.tsx": {"path":"/Users/admin/Documents/checklistpro/src/components/organisms/GlobalExceptionHandler/index.tsx","statementMap":{"0":{"start":{"line":14,"column":41},"end":{"line":49,"column":1}},"1":{"start":{"line":15,"column":25},"end":{"line":27,"column":3}},"2":{"start":{"line":16,"column":4},"end":{"line":26,"column":5}},"3":{"start":{"line":17,"column":6},"end":{"line":25,"column":8}},"4":{"start":{"line":29,"column":29},"end":{"line":39,"column":3}},"5":{"start":{"line":30,"column":4},"end":{"line":38,"column":6}},"6":{"start":{"line":41,"column":2},"end":{"line":46,"column":9}},"7":{"start":{"line":42,"column":4},"end":{"line":42,"column":48}},"8":{"start":{"line":43,"column":4},"end":{"line":45,"column":5}},"9":{"start":{"line":44,"column":6},"end":{"line":44,"column":52}},"10":{"start":{"line":48,"column":2},"end":{"line":48,"column":18}}},"fnMap":{"0":{"name":"(anonymous_0)","decl":{"start":{"line":14,"column":41},"end":{"line":14,"column":42}},"loc":{"start":{"line":14,"column":47},"end":{"line":49,"column":1}},"line":14},"1":{"name":"(anonymous_1)","decl":{"start":{"line":15,"column":25},"end":{"line":15,"column":26}},"loc":{"start":{"line":15,"column":57},"end":{"line":27,"column":3}},"line":15},"2":{"name":"(anonymous_2)","decl":{"start":{"line":29,"column":29},"end":{"line":29,"column":30}},"loc":{"start":{"line":29,"column":48},"end":{"line":39,"column":3}},"line":29},"3":{"name":"(anonymous_3)","decl":{"start":{"line":41,"column":12},"end":{"line":41,"column":13}},"loc":{"start":{"line":41,"column":18},"end":{"line":46,"column":3}},"line":41}},"branchMap":{"0":{"loc":{"start":{"line":16,"column":4},"end":{"line":26,"column":5}},"type":"if","locations":[{"start":{"line":16,"column":4},"end":{"line":26,"column":5}},{"start":{},"end":{}}],"line":16},"1":{"loc":{"start":{"line":43,"column":4},"end":{"line":45,"column":5}},"type":"if","locations":[{"start":{"line":43,"column":4},"end":{"line":45,"column":5}},{"start":{},"end":{}}],"line":43}},"s":{"0":1,"1":1,"2":0,"3":0,"4":1,"5":0,"6":1,"7":0,"8":0,"9":0,"10":1},"f":{"0":1,"1":0,"2":0,"3":0},"b":{"0":[0,0],"1":[0,0]},"_coverageSchema":"1a1c01bbd47fc00a2c39e90264f33305004495a9","hash":"102707f57ce4492023fb32ea040ae5e31b2714a2"}
,"/Users/admin/Documents/checklistpro/src/components/organisms/ListEmptySkeleton/index.tsx": {"path":"/Users/admin/Documents/checklistpro/src/components/organisms/ListEmptySkeleton/index.tsx","statementMap":{"0":{"start":{"line":5,"column":25},"end":{"line":20,"column":1}},"1":{"start":{"line":6,"column":17},"end":{"line":6,"column":30}},"2":{"start":{"line":8,"column":2},"end":{"line":19,"column":4}},"3":{"start":{"line":22,"column":36},"end":{"line":32,"column":1}},"4":{"start":{"line":23,"column":2},"end":{"line":31,"column":4}}},"fnMap":{"0":{"name":"(anonymous_0)","decl":{"start":{"line":5,"column":25},"end":{"line":5,"column":26}},"loc":{"start":{"line":5,"column":31},"end":{"line":20,"column":1}},"line":5},"1":{"name":"(anonymous_1)","decl":{"start":{"line":22,"column":36},"end":{"line":22,"column":37}},"loc":{"start":{"line":22,"column":42},"end":{"line":32,"column":1}},"line":22}},"branchMap":{},"s":{"0":1,"1":0,"2":0,"3":1,"4":1},"f":{"0":0,"1":1},"b":{},"_coverageSchema":"1a1c01bbd47fc00a2c39e90264f33305004495a9","hash":"362827f8d9a2737f240707df3ba55345344ffef8"}
,"/Users/admin/Documents/checklistpro/src/components/organisms/ListEmptySkeleton/styles.ts": {"path":"/Users/admin/Documents/checklistpro/src/components/organisms/ListEmptySkeleton/styles.ts","statementMap":{"0":{"start":{"line":8,"column":2},"end":{"line":15,"column":5}}},"fnMap":{"0":{"name":"(anonymous_0)","decl":{"start":{"line":7,"column":15},"end":{"line":7,"column":16}},"loc":{"start":{"line":7,"column":21},"end":{"line":16,"column":1}},"line":7}},"branchMap":{},"s":{"0":0},"f":{"0":0},"b":{},"_coverageSchema":"1a1c01bbd47fc00a2c39e90264f33305004495a9","hash":"a9790162ffe74690772bc440a018eee07bcbe636"}
,"/Users/admin/Documents/checklistpro/src/components/wrappers/ScreenWrapper/index.tsx": {"path":"/Users/admin/Documents/checklistpro/src/components/wrappers/ScreenWrapper/index.tsx","statementMap":{"0":{"start":{"line":10,"column":52},"end":{"line":22,"column":1}},"1":{"start":{"line":14,"column":17},"end":{"line":14,"column":30}},"2":{"start":{"line":15,"column":2},"end":{"line":21,"column":4}}},"fnMap":{"0":{"name":"(anonymous_0)","decl":{"start":{"line":10,"column":52},"end":{"line":10,"column":53}},"loc":{"start":{"line":13,"column":6},"end":{"line":22,"column":1}},"line":13}},"branchMap":{"0":{"loc":{"start":{"line":17,"column":56},"end":{"line":17,"column":75}},"type":"cond-expr","locations":[{"start":{"line":17,"column":69},"end":{"line":17,"column":70}},{"start":{"line":17,"column":73},"end":{"line":17,"column":75}}],"line":17}},"s":{"0":1,"1":1,"2":1},"f":{"0":1},"b":{"0":[0,1]},"_coverageSchema":"1a1c01bbd47fc00a2c39e90264f33305004495a9","hash":"1fafe42081dcb3b64f1323720126f2030632a740"}
,"/Users/admin/Documents/checklistpro/src/components/wrappers/ScreenWrapper/style.ts": {"path":"/Users/admin/Documents/checklistpro/src/components/wrappers/ScreenWrapper/style.ts","statementMap":{"0":{"start":{"line":8,"column":2},"end":{"line":13,"column":5}}},"fnMap":{"0":{"name":"(anonymous_0)","decl":{"start":{"line":7,"column":15},"end":{"line":7,"column":16}},"loc":{"start":{"line":7,"column":21},"end":{"line":14,"column":1}},"line":7}},"branchMap":{},"s":{"0":1},"f":{"0":1},"b":{},"_coverageSchema":"1a1c01bbd47fc00a2c39e90264f33305004495a9","hash":"efaadf8871e16f720c20881bd64655551225dc18"}
,"/Users/admin/Documents/checklistpro/src/utils/helper/Date.ts": {"path":"/Users/admin/Documents/checklistpro/src/utils/helper/Date.ts","statementMap":{"0":{"start":{"line":8,"column":36},"end":{"line":9,"column":34}},"1":{"start":{"line":9,"column":2},"end":{"line":9,"column":34}},"2":{"start":{"line":16,"column":33},"end":{"line":19,"column":1}},"3":{"start":{"line":17,"column":15},"end":{"line":17,"column":34}},"4":{"start":{"line":18,"column":2},"end":{"line":18,"column":42}}},"fnMap":{"0":{"name":"(anonymous_0)","decl":{"start":{"line":8,"column":36},"end":{"line":8,"column":37}},"loc":{"start":{"line":9,"column":2},"end":{"line":9,"column":34}},"line":9},"1":{"name":"(anonymous_1)","decl":{"start":{"line":16,"column":33},"end":{"line":16,"column":34}},"loc":{"start":{"line":16,"column":56},"end":{"line":19,"column":1}},"line":16}},"branchMap":{},"s":{"0":2,"1":2,"2":2,"3":0,"4":0},"f":{"0":2,"1":0},"b":{},"_coverageSchema":"1a1c01bbd47fc00a2c39e90264f33305004495a9","hash":"54fd03a27a3640e39d168090666867a94eb7d547"}
}
