TN:
SF:src/assets/logo/logo.png
FNF:0
FNH:0
DA:1,1
LF:1
LH:1
BRF:0
BRH:0
end_of_record
TN:
SF:src/components/atoms/FormInputController/index.tsx
FN:25,(anonymous_0)
FN:50,(anonymous_1)
FN:56,(anonymous_2)
FNF:3
FNH:1
FNDA:1,(anonymous_0)
FNDA:0,(anonymous_1)
FNDA:0,(anonymous_2)
DA:25,1
DA:34,1
DA:35,1
DA:37,1
DA:39,1
DA:51,0
DA:56,0
LF:7
LH:5
BRDA:32,0,0,1
BRDA:35,1,0,1
BRDA:35,1,1,0
BRDA:45,2,0,1
BRDA:45,2,1,1
BRDA:62,3,0,1
BRDA:62,3,1,1
BRF:7
BRH:6
end_of_record
TN:
SF:src/components/atoms/FormInputController/styles.ts
FN:7,(anonymous_0)
FNF:1
FNH:1
FNDA:1,(anonymous_0)
DA:8,1
LF:1
LH:1
BRF:0
BRH:0
end_of_record
TN:
SF:src/components/atoms/FormSelectController/index.tsx
FN:33,(anonymous_0)
FN:58,(anonymous_1)
FN:63,(anonymous_2)
FNF:3
FNH:1
FNDA:1,(anonymous_0)
FNDA:0,(anonymous_1)
FNDA:0,(anonymous_2)
DA:33,1
DA:42,1
DA:43,1
DA:45,1
DA:47,1
DA:59,0
DA:63,0
LF:7
LH:5
BRDA:40,0,0,0
BRDA:43,1,0,1
BRDA:43,1,1,0
BRDA:53,2,0,1
BRDA:53,2,1,1
BRDA:61,3,0,0
BRDA:61,3,1,0
BRDA:67,4,0,1
BRDA:67,4,1,1
BRF:9
BRH:5
end_of_record
TN:
SF:src/components/atoms/FormSelectController/styles.ts
FN:7,(anonymous_0)
FNF:1
FNH:1
FNDA:1,(anonymous_0)
DA:8,1
LF:1
LH:1
BRF:0
BRH:0
end_of_record
TN:
SF:src/components/atoms/Logo/index.tsx
FN:6,(anonymous_0)
FNF:1
FNH:1
FNDA:1,(anonymous_0)
DA:6,1
DA:7,1
DA:8,1
LF:3
LH:3
BRF:0
BRH:0
end_of_record
TN:
SF:src/components/atoms/Logo/style.ts
FN:7,(anonymous_0)
FNF:1
FNH:1
FNDA:1,(anonymous_0)
DA:8,1
LF:1
LH:1
BRF:0
BRH:0
end_of_record
TN:
SF:src/components/molecules/AlertToast/index.tsx
FN:12,(anonymous_0)
FNF:1
FNH:1
FNDA:1,(anonymous_0)
DA:12,1
DA:20,1
LF:2
LH:2
BRDA:25,0,0,0
BRDA:25,0,1,1
BRDA:42,1,0,0
BRDA:42,1,1,1
BRDA:44,2,0,1
BRDA:44,2,1,0
BRDA:56,3,0,0
BRDA:56,3,1,1
BRDA:58,4,0,1
BRDA:58,4,1,0
BRF:10
BRH:5
end_of_record
TN:
SF:src/components/molecules/ContentCard/index.tsx
FN:12,(anonymous_0)
FNF:1
FNH:1
FNDA:1,(anonymous_0)
DA:12,1
DA:13,1
DA:15,1
LF:3
LH:3
BRF:0
BRH:0
end_of_record
TN:
SF:src/components/molecules/ContentCard/styles.ts
FN:8,(anonymous_0)
FNF:1
FNH:1
FNDA:1,(anonymous_0)
DA:9,1
LF:1
LH:1
BRF:0
BRH:0
end_of_record
TN:
SF:src/components/molecules/ExpenseListItem/index.tsx
FN:22,(anonymous_0)
FN:69,(anonymous_1)
FN:87,(anonymous_2)
FNF:3
FNH:1
FNDA:1,(anonymous_0)
FNDA:0,(anonymous_1)
FNDA:0,(anonymous_2)
DA:22,1
DA:36,1
DA:38,1
DA:70,0
DA:87,0
LF:5
LH:3
BRDA:62,0,0,1
BRDA:62,0,1,1
BRF:2
BRH:2
end_of_record
TN:
SF:src/components/molecules/ExpenseListItem/styles.ts
FN:10,(anonymous_0)
FNF:1
FNH:1
FNDA:1,(anonymous_0)
DA:11,1
LF:1
LH:1
BRF:0
BRH:0
end_of_record
TN:
SF:src/components/molecules/TodoAgendaItem/index.tsx
FN:10,(anonymous_0)
FN:13,(anonymous_1)
FN:21,(anonymous_2)
FNF:3
FNH:3
FNDA:1,(anonymous_0)
FNDA:1,(anonymous_1)
FNDA:1,(anonymous_2)
DA:10,1
DA:11,1
DA:13,1
DA:14,1
DA:21,1
DA:22,1
DA:24,0
DA:26,0
DA:28,0
DA:30,1
DA:32,0
DA:36,1
LF:12
LH:8
BRDA:22,0,0,0
BRDA:22,0,1,0
BRDA:22,0,2,0
BRDA:22,0,3,1
BRDA:22,0,4,0
BRF:5
BRH:1
end_of_record
TN:
SF:src/components/molecules/TodoAgendaItem/styles.ts
FN:8,(anonymous_0)
FNF:1
FNH:1
FNDA:1,(anonymous_0)
DA:9,1
LF:1
LH:1
BRF:0
BRH:0
end_of_record
TN:
SF:src/components/molecules/TodoListItem/index.tsx
FN:20,(anonymous_0)
FN:34,(anonymous_1)
FN:42,(anonymous_2)
FN:86,(anonymous_3)
FN:102,(anonymous_4)
FNF:5
FNH:3
FNDA:1,(anonymous_0)
FNDA:1,(anonymous_1)
FNDA:1,(anonymous_2)
FNDA:0,(anonymous_3)
FNDA:0,(anonymous_4)
DA:20,1
DA:32,1
DA:34,1
DA:35,1
DA:42,1
DA:43,1
DA:45,0
DA:47,1
DA:49,0
DA:51,0
DA:53,0
DA:57,1
DA:87,0
DA:102,0
LF:14
LH:8
BRDA:43,0,0,0
BRDA:43,0,1,1
BRDA:43,0,2,0
BRDA:43,0,3,0
BRDA:43,0,4,0
BRDA:79,1,0,1
BRDA:79,1,1,1
BRF:7
BRH:3
end_of_record
TN:
SF:src/components/molecules/TodoListItem/styles.ts
FN:11,(anonymous_0)
FNF:1
FNH:1
FNDA:1,(anonymous_0)
DA:12,1
LF:1
LH:1
BRF:0
BRH:0
end_of_record
TN:
SF:src/components/organisms/DeleteConfirmModal/index.tsx
FN:11,(anonymous_0)
FNF:1
FNH:1
FNDA:1,(anonymous_0)
DA:11,1
DA:16,1
DA:17,1
DA:18,1
DA:20,1
LF:5
LH:5
BRF:0
BRH:0
end_of_record
TN:
SF:src/components/organisms/DeleteConfirmModal/styles.ts
FN:9,(anonymous_0)
FNF:1
FNH:1
FNDA:1,(anonymous_0)
DA:10,1
LF:1
LH:1
BRF:0
BRH:0
end_of_record
TN:
SF:src/components/organisms/GlobalExceptionHandler/index.tsx
FN:14,(anonymous_0)
FN:15,(anonymous_1)
FN:29,(anonymous_2)
FN:41,(anonymous_3)
FNF:4
FNH:1
FNDA:1,(anonymous_0)
FNDA:0,(anonymous_1)
FNDA:0,(anonymous_2)
FNDA:0,(anonymous_3)
DA:14,1
DA:15,1
DA:16,0
DA:17,0
DA:29,1
DA:30,0
DA:41,1
DA:42,0
DA:43,0
DA:44,0
DA:48,1
LF:11
LH:5
BRDA:16,0,0,0
BRDA:16,0,1,0
BRDA:43,1,0,0
BRDA:43,1,1,0
BRF:4
BRH:0
end_of_record
TN:
SF:src/components/organisms/ListEmptySkeleton/index.tsx
FN:5,(anonymous_0)
FN:8,(anonymous_1)
FNF:2
FNH:1
FNDA:1,(anonymous_0)
FNDA:0,(anonymous_1)
DA:5,1
DA:6,1
DA:8,1
DA:9,0
DA:22,1
LF:5
LH:4
BRF:0
BRH:0
end_of_record
TN:
SF:src/components/organisms/ListEmptySkeleton/styles.ts
FN:7,(anonymous_0)
FNF:1
FNH:1
FNDA:1,(anonymous_0)
DA:8,1
LF:1
LH:1
BRF:0
BRH:0
end_of_record
TN:
SF:src/components/wrappers/ScreenWrapper/index.tsx
FN:10,(anonymous_0)
FNF:1
FNH:1
FNDA:1,(anonymous_0)
DA:10,1
DA:14,1
DA:15,1
LF:3
LH:3
BRDA:17,0,0,0
BRDA:17,0,1,1
BRF:2
BRH:1
end_of_record
TN:
SF:src/components/wrappers/ScreenWrapper/style.ts
FN:7,(anonymous_0)
FNF:1
FNH:1
FNDA:1,(anonymous_0)
DA:8,1
LF:1
LH:1
BRF:0
BRH:0
end_of_record
TN:
SF:src/utils/helper/Date.ts
FN:8,(anonymous_0)
FN:16,(anonymous_1)
FNF:2
FNH:1
FNDA:2,(anonymous_0)
FNDA:0,(anonymous_1)
DA:8,2
DA:9,2
DA:16,2
DA:17,0
DA:18,0
LF:5
LH:3
BRF:0
BRH:0
end_of_record
